79950749
5 1 10171
5 2 26238
8 2 57230
9 2 11289
9 3 10296
10 3 40725
11 3 7708
11 4 7984
15 4 97415
15 6 49689
15 7 11545
17 7 23006
17 12 8856
18 12 3427
22 12 1644
23 12 40434
23 13 25366
23 14 9127
25 14 19172
25 16 27672
25 19 58244
27 19 14659
29 19 70252
30 19 15858
32 19 11357
32 20 132881
33 20 38140
33 21 17565
33 24 69315
33 28 35025
33 35 73104
33 39 28334
33 40 52607
33 41 11234
34 41 22604
36 41 18246
38 41 12122
43 41 20279
43 42 81198
44 42 1678
46 42 2832
48 42 4521
50 42 43769
52 42 20147
52 45 70829
53 45 28646
53 47 73813
53 49 59237
57 49 26380
57 51 76097
58 51 63985
58 54 112247
58 55 4102
63 55 61770
64 55 45460
64 56 5176
67 56 46917
67 59 23161
67 60 28700
67 61 127358
68 61 74728
68 62 39445
68 65 111606
73 65 55357
73 69 9673
77 69 10732
78 69 31373
80 69 63329
80 70 34593
80 71 13419
81 71 137164
81 72 10968
82 72 114918
83 72 14294
83 75 57649
84 75 3340
84 76 62961
85 76 37803
86 76 57725
86 79 14782
88 79 14524
93 79 141693
93 87 30651
93 89 51777
93 90 84069
93 91 38685
93 92 32048
94 92 16260
94 96 33046
95 96 51233
95 97 95570
95 98 34590
104 98 25588
105 98 34389
105 100 20016
105 101 18823
105 102 38211
105 103 19652
109 103 9850
110 103 8992
110 106 50372
119 106 20744
119 107 86236
120 107 17563
120 108 50086
123 108 17346
123 111 41158
123 113 12368
125 113 19133
126 113 21550
128 113 3496
130 113 6304
130 114 30185
130 115 81391
130 116 9742
130 117 53827
131 117 35494
131 118 51784
131 121 6387
131 122 106253
132 122 11846
132 124 58187
132 127 26527
135 127 61083
139 127 33564
139 129 16003
141 129 3079
141 133 113771
141 134 11245
142 134 51786
144 134 7790
145 134 118432
146 134 11758
146 136 1760
152 136 15888
153 136 40830
153 137 95981
153 138 38663
153 140 5430
159 140 56763
159 143 19102
161 143 92958
162 143 59970
162 147 26790
165 147 58270
165 148 22200
168 148 817
169 148 99227
170 148 71440
170 149 7512
173 149 9597
173 150 32935
176 150 7068
176 151 60713
178 151 97721
178 154 25568
178 155 63926
179 155 11136
180 155 21712
181 155 65933
181 157 1940
184 157 7528
186 157 15530
189 157 19746
189 158 28947
189 160 20700
190 160 74036
190 163 6622
190 164 51599
192 164 58098
192 166 703
193 166 22949
193 167 80283
194 167 63352
194 171 16751
195 171 19101
202 171 51734
205 171 17793
205 172 112700
206 172 22334
206 174 124442
206 175 38148
208 175 34336
210 175 66839
211 175 17503
211 177 66389
212 177 26167
212 182 41458
212 183 2999
213 183 62397
213 185 13792
215 185 29741
215 187 9162
218 187 27830
219 187 23331
223 187 57987
224 187 51476
224 188 103548
224 191 29263
225 191 17229
225 196 54746
225 197 39920
226 197 59506
232 197 60785
232 198 5652
232 199 63961
232 200 25060
236 200 14674
237 200 120086
238 200 19295
238 201 61131
240 201 60338
240 203 16163
244 203 20185
244 204 14317
244 207 8214
246 207 9394
246 209 108646
246 214 23426
246 216 16898
246 217 11370
247 217 73471
247 220 25750
248 220 31283
248 221 39422
249 221 49471
250 221 7743
250 222 13238
251 222 19907
252 222 45662
252 227 19696
252 228 44857
252 229 10927
254 229 32950
255 229 96386
255 230 51960
256 230 29989
256 231 40403
256 233 17689
258 233 12357
258 234 80376
259 234 46506
261 234 19237
261 235 5839
264 235 38312
264 239 2831
265 239 62051
267 239 17316
272 239 2585
272 241 34725
273 241 73137
273 242 33709
276 242 9142
278 242 9876
282 242 3683
282 243 80619
282 245 111951
282 253 34228
282 257 32100
282 262 28623
285 262 75474
288 262 12216
288 263 15466
291 263 100894
294 263 139763
296 263 1246
296 268 93828
296 269 108279
302 269 39362
302 270 21963
302 275 92797
302 277 24054
304 277 475
306 277 171073
307 277 9317
307 279 129204
309 279 35156
309 280 119261
310 280 77638
312 280 41730
313 280 15517
313 283 64633
313 284 30035
314 284 29531
317 284 7652
318 284 33781
318 286 22619
318 287 20103
318 289 12879
318 290 85011
318 292 10077
322 292 16032
322 293 74176
322 295 91832
322 297 66542
326 297 22568
328 297 28981
328 298 4077
330 298 98205
330 299 24191
330 300 12283
330 301 42811
331 301 45827
331 303 20403
332 303 24582
332 305 56021
332 311 3929
334 311 82095
335 311 7651
335 316 127957
335 320 48977
337 320 35579
337 321 48592
337 324 55854
341 324 17377
341 325 69520
347 325 29882
347 329 7634
349 329 58489
350 329 62258
350 333 17729
350 336 16730
351 336 37422
356 336 53367
360 336 22051
363 336 53138
363 338 97031
364 338 2144
366 338 7437
369 338 69
369 339 38517
369 340 58292
371 340 3255
372 340 2732
376 340 55183
376 342 99435
376 343 44464
377 343 13565
379 343 90876
380 343 63326
380 344 56176
385 344 24998
387 344 13985
387 345 62521
387 346 46194
390 346 10141
390 348 53361
394 348 2897
394 352 31269
394 354 41372
396 354 110702
396 355 6646
399 355 23914
400 355 39117
401 355 15220
401 357 122577
401 358 25974
404 358 7483
404 359 120716
404 361 5584
404 362 179362
404 365 7018
404 367 5390
404 370 9728
405 370 14192
411 370 16684
413 370 21976
413 373 152691
413 374 94065
413 378 3269
414 378 7731
414 381 75300
414 382 1570
414 383 74473
416 383 3486
416 384 17181
419 384 111475
419 386 81414
419 388 26980
421 388 2527
421 389 43017
421 391 12217
425 391 81934
425 393 51187
426 393 34313
426 395 40791
426 397 34019
426 398 7804
426 402 4916
427 402 45254
427 403 82992
427 406 74019
427 407 18070
429 407 57906
430 407 33173
430 408 55467
435 408 10931
435 409 32246
435 410 29884
436 410 26044
436 412 7284
436 415 54348
436 417 68264
437 417 91484
439 417 39442
439 418 2706
443 418 130543
443 420 65522
444 420 114006
445 420 8484
447 420 77633
447 422 14962
447 423 94306
447 424 23956
449 424 44834
450 424 3127
450 428 130989
451 428 17239
451 431 10926
451 432 43856
452 432 23135
452 433 66204
453 433 71134
453 434 54602
454 434 119959
454 438 60461
455 438 49282
456 438 6140
457 438 660
457 440 17606
457 441 32266
457 442 13997
457 446 1918
461 446 46534
461 448 13267
461 459 86059
463 459 89609
463 462 33690
466 462 68478
466 464 229
468 464 52428
468 467 37010
469 467 17998
470 467 24087
471 467 62003
471 473 40917
471 477 479
471 479 8863
471 480 61642
472 480 16446
472 482 13245
474 482 34510
475 482 1270
475 484 28183
476 484 23085
476 485 25056
478 485 213
481 485 23142
481 487 11178
483 487 113181
483 489 40405
483 492 26393
486 492 58481
486 494 40601
488 494 492
490 494 47492
491 494 133742
491 495 35128
491 497 11238
493 497 553
493 498 42983
493 503 57800
496 503 42315
496 504 1581
499 504 5834
500 504 18250
501 504 22610
501 506 26629
501 508 3231
502 508 69377
502 510 63712
505 510 133470
505 511 82740
505 513 18205
507 513 38593
509 513 13607
512 513 121933
512 514 63079
515 514 49854
518 514 91092
520 514 7863
525 514 35321
525 516 97859
525 517 43305
525 519 13341
526 519 91935
528 519 15856
529 519 7311
529 521 77766
529 522 5312
529 523 27755
533 523 20176
534 523 64195
534 524 34026
537 524 2084
537 527 9664
538 527 51439
538 530 1716
542 530 90413
543 530 25568
546 530 28037
546 531 18949
546 532 103095
546 535 63119
548 535 26477
551 535 3994
555 535 116858
555 536 12271
556 536 3759
557 536 56735
557 539 21668
564 539 87577
565 539 10886
565 540 17160
565 541 53308
566 541 4232
567 541 147599
567 545 70529
571 545 18631
573 545 142751
574 545 38003
574 547 38372
574 549 35104
576 549 83247
576 550 84188
577 550 25212
577 552 11797
578 552 75946
579 552 26437
579 553 38999
580 553 19973
580 554 22807
581 554 30492
581 558 7095
581 559 60190
581 560 43852
581 562 24464
582 562 31395
583 562 17329
583 563 56372
583 568 1199
584 568 38771
584 569 95
585 569 68563
591 569 5393
591 570 36688
591 572 19749
591 575 8189
593 575 22934
593 586 27396
593 587 11131
594 587 23139
594 589 24689
594 590 55996
594 592 15499
594 595 27028
599 595 6567
602 595 62077
603 595 37182
603 596 26157
603 597 155913
603 598 32446
605 598 51715
605 601 15328
606 601 29362
610 601 2593
610 604 52301
610 607 45847
610 608 54231
610 609 38923
611 609 52928
611 614 95974
612 614 12634
613 614 13741
613 617 746
615 617 53581
615 618 5325
616 618 5647
616 619 12005
616 622 33055
621 622 61817
625 622 15447
625 623 546
626 623 8336
627 623 27009
627 624 38572
627 628 46885
627 629 24818
627 631 13207
630 631 43720
630 638 55088
630 639 8054
632 639 177197
632 640 22660
633 640 27059
634 640 9940
635 640 889
635 642 26114
635 643 71095
635 644 40605
635 645 28508
635 646 54140
635 647 48316
635 648 39204
636 648 64353
636 649 6011
636 650 21938
637 650 2701
637 651 111946
637 652 35114
641 652 86509
641 655 109462
653 655 71973
654 655 7699
654 656 61538
658 656 71235
658 657 9260
658 659 15131
658 660 96305
663 660 36847
663 661 116621
665 661 10903
665 662 6629
667 662 197675
668 662 33393
668 664 25601
670 664 67190
670 666 144627
671 666 26935
672 666 6187
672 669 111488
677 669 41875
678 669 83734
681 669 9583
681 673 29537
681 674 35676
681 675 3596
682 675 46305
683 675 88830
684 675 32690
684 676 32084
687 676 97457
688 676 64394
689 676 25230
690 676 20482
690 679 12104
696 679 60203
696 680 1551
696 685 137888
698 685 70802
702 685 30254
702 686 57599
706 686 40065
706 691 29426
706 692 68709
714 692 10683
715 692 119395
716 692 88568
716 693 6772
717 693 39923
717 695 11512
717 697 15467
718 697 8601
719 697 45036
719 700 887
723 700 63138
723 701 23878
724 701 74324
725 701 107345
728 701 46672
729 701 24043
729 703 66604
729 704 10670
729 705 16479
733 705 74205
734 705 15258
735 705 61661
735 707 60173
738 707 93916
739 707 45693
743 707 36362
743 708 60103
743 709 33508
743 710 22794
745 710 15505
745 711 3125
749 711 15132
749 712 32588
751 712 34617
751 713 56900
753 713 91126
755 713 31677
756 713 80703
757 713 48191
757 720 18394
758 720 39338
760 720 67901
760 721 53983
760 722 16048
761 722 37434
762 722 35533
762 726 110124
762 730 14020
764 730 47395
764 732 48490
764 736 84306
765 736 42509
766 736 16202
768 736 23360
768 737 53505
768 740 24690
771 740 42005
774 740 8723
774 741 27970
774 742 60226
775 742 35162
775 746 41348
776 746 38851
777 746 4724
778 746 8100
778 747 157777
778 748 49113
778 750 19610
778 752 20411
778 754 14350
779 754 59793
779 759 54165
780 759 117959
781 759 7892
781 763 12667
781 767 40869
782 767 125014
783 767 6721
785 767 55508
788 767 36965
788 769 61830
788 770 39615
790 770 9025
791 770 43102
793 770 22962
793 772 71896
794 772 8799
797 772 5450
797 773 6411
798 773 12730
798 784 720
805 784 76421
807 784 59123
807 786 10609
807 792 8455
808 792 9287
813 792 47759
814 792 97475
814 795 146966
816 795 2548
820 795 18269
821 795 34872
821 796 15965
823 796 37513
824 796 54979
824 800 52913
824 801 72472
826 801 23422
830 801 38206
830 802 34637
832 802 27647
832 803 28856
833 803 21019
834 803 37158
834 804 113761
836 804 32059
837 804 2308
837 806 84770
837 809 12801
838 809 92420
841 809 2042
841 810 23956
842 810 55800
844 810 51236
844 811 59104
844 812 7490
844 815 24537
850 815 1248
850 818 58427
850 819 1214
852 819 96466
853 819 3720
855 819 14108
855 822 34238
855 825 29002
856 825 45374
856 827 123326
857 827 13633
857 828 1582
858 828 25601
858 829 45424
862 829 28090
862 831 20192
863 831 59161
863 835 76926
864 835 92765
866 835 124137
866 839 51085
867 839 71961
867 840 7976
867 843 30472
867 845 6146
868 845 21747
869 845 36379
870 845 18134
872 845 47605
874 845 3412
874 846 41924
875 846 7540
879 846 82519
879 847 18388
880 847 80240
880 849 138441
883 849 30711
883 851 50322
883 854 25210
883 859 47360
883 860 55755
883 861 39666
885 861 162001
885 865 14886
885 871 40428
887 871 78380
887 873 38209
887 876 24934
891 876 54345
891 877 28008
892 877 14536
893 877 9792
894 877 37163
896 877 11336
896 878 9772
896 881 25770
902 881 49074
902 882 26672
903 882 7236
905 882 10727
905 884 11109
906 884 32410
909 884 49957
909 886 6701
913 886 6569
915 886 18048
915 888 13051
915 889 8666
915 890 83749
916 890 17339
916 895 77672
917 895 16738
917 897 77449
917 898 50227
917 899 3392
918 899 3519
918 900 23062
918 901 1091
919 901 27751
920 901 63998
920 904 29426
920 907 12456
922 907 25216
922 908 16699
923 908 24008
924 908 5000
924 910 1601
927 910 49043
927 914 70077
927 921 12742
928 921 90704
928 925 40394
932 925 24910
933 925 29466
934 925 34359
934 926 48519
937 926 84394
938 926 17789
938 929 73266
939 929 18743
939 930 127903
942 930 199616
942 931 56489
945 931 69564
945 935 34905
947 935 12815
947 936 12960
951 936 38660
951 940 95477
953 940 28372
953 941 13237
953 943 51114
955 943 17853
956 943 32908
960 943 2792
960 944 24019
962 944 5246
962 946 19834
963 946 23766
963 948 9360
964 948 47902
965 948 61
966 948 148817
968 948 3166
968 949 54346
969 949 38792
969 950 7167
969 954 105234
970 954 781
970 957 72895
970 958 29015
970 959 12675
971 959 79957
973 959 69104
975 959 3788
975 961 26898
975 967 18528
975 972 47139
977 972 18137
978 972 58578
978 974 111860
981 974 9190
982 974 16653
982 976 5728
987 976 45451
987 980 6387
988 980 36974
988 983 33817
992 983 12827
994 983 77954
994 984 18069
994 986 8805
995 986 41338
995 989 62001
995 990 23253
995 991 64371
995 993 3197
997 993 72386
998 993 114253
998 996 8799
999 996 91618
1001 996 57598
1004 996 2491
1004 1000 34474
1007 1000 129880
1010 1000 11734
1011 1000 2044
1011 1003 42148
1012 1003 73001
1012 1005 14073
1013 1005 48042
1016 1005 58430
1016 1006 7024
1016 1008 1561
1017 1008 37723
1017 1009 95163
1017 1014 57432
1020 1014 87891
1024 1014 41620
1024 1015 22720
1025 1015 36781
1025 1018 14608
1028 1018 2338
1028 1019 41589
1029 1019 48994
1029 1021 137613
1030 1021 13410
1032 1021 21655
1032 1022 29451
1033 1022 4220
1033 1023 34946
1040 1023 21845
1044 1023 6705
1046 1023 5244
1046 1026 65093
1046 1027 27636
1047 1027 16634
1048 1027 151288
1049 1027 34750
1049 1031 175016
1049 1034 20473
1049 1035 25744
1052 1035 89412
1053 1035 9577
1053 1037 54013
1053 1038 2744
1054 1038 6606
1058 1038 3345
1058 1039 76500
1059 1039 51271
1062 1039 90746
1062 1041 31416
1064 1041 8710
1066 1041 38858
1067 1041 18948
1071 1041 16785
1071 1042 23523
1072 1042 27973
1072 1043 7467
1074 1043 71840
1076 1043 20032
1076 1045 6405
1076 1050 13142
1077 1050 36815
1080 1050 29132
1080 1051 20018
1082 1051 78458
1084 1051 36102
1084 1055 24961
1084 1056 37860
1086 1056 19186
1086 1057 69915
1086 1060 85233
1086 1061 26528
1086 1063 24827
1089 1063 27948
1089 1065 6448
1090 1065 1527
1095 1065 54962
1096 1065 10048
1097 1065 18763
1098 1065 35957
1100 1065 19512
1100 1068 1447
1102 1068 25581
1106 1068 16313
1106 1069 38368
1106 1070 18732
1108 1070 55160
1111 1070 32263
1113 1070 16021
1114 1070 25905
1117 1070 83329
1119 1070 29534
1119 1073 13166
1119 1075 7539
1119 1078 43367
1120 1078 7274
1120 1079 215430
1120 1081 89232
1122 1081 36038
1124 1081 181421
1124 1083 15097
1125 1083 99341
1126 1083 94724
1126 1085 33235
1126 1087 22289
1128 1087 82349
1129 1087 9167
1129 1088 3545
1129 1091 70273
1129 1092 79184
1130 1092 13920
1130 1093 7759
1130 1094 129365
1133 1094 22450
1133 1099 216116
1133 1101 77480
1134 1101 17185
1135 1101 10874
1135 1103 55219
1135 1104 18581
1140 1104 13288
1143 1104 16753
1144 1104 39191
1146 1104 63401
1146 1105 47979
1147 1105 31258
1147 1107 62345
1149 1107 70490
1150 1107 108200
1152 1107 39209
1152 1110 31670
1153 1110 194785
1153 1115 5751
1154 1115 91400
1154 1116 58006
1154 1118 10394
1156 1118 38849
1156 1121 4615
1156 1123 24668
1157 1123 25873
1157 1127 67585
1160 1127 161149
1161 1127 751
1163 1127 2609
1163 1131 78419
1163 1132 39030
1165 1132 36557
1165 1136 23484
1166 1136 15240
1166 1137 107027
1168 1137 37712
1169 1137 43438
1169 1138 5370
1172 1138 79358
1173 1138 34740
1176 1138 35635
1176 1139 41580
1180 1139 11538
1180 1141 59065
1180 1142 37687
1180 1145 55026
1180 1148 17294
1180 1151 26505
1180 1155 27084
1180 1158 6494
1180 1159 26054
1182 1159 14723
1182 1162 30133
1182 1164 16791
1182 1167 27543
1182 1170 74877
1182 1171 22159
1183 1171 979
1183 1174 20151
1183 1175 109324
1185 1175 70414
1187 1175 25041
1187 1178 14813
1187 1179 18243
1191 1179 21973
1191 1181 49502
1196 1181 7879
1196 1184 44351
1199 1184 47540
1201 1184 2561
1201 1186 85900
1201 1188 6162
1202 1188 40948
1202 1189 66251
1202 1190 63434
1205 1190 37863
1207 1190 3046
1211 1190 81606
1215 1190 90057
1215 1192 2244
1215 1193 54695
1215 1194 11466
1216 1194 69517
1217 1194 60103
1221 1194 2734
1221 1195 21280
1221 1197 20103
1221 1198 30420
1221 1200 11935
1222 1200 26453
1222 1203 44861
1223 1203 32872
1227 1203 26123
1227 1206 55570
1228 1206 63152
1228 1208 26352
1228 1209 41884
1229 1209 100611
1235 1209 3865
1237 1209 131745
1238 1209 5779
1238 1210 21576
1238 1212 503
1238 1213 15385
1239 1213 1978
1240 1213 28415
1242 1213 67905
1242 1214 64246
1242 1219 21205
1243 1219 65289
1243 1220 7435
1244 1220 38897
1244 1224 57357
1245 1224 14935
1245 1225 102476
1245 1226 39110
1245 1230 12222
1246 1230 80414
1247 1230 13512
1248 1230 54185
1248 1231 58013
1248 1232 11527
1253 1232 38086
1254 1232 35735
1254 1233 83727
1254 1234 64448
1254 1236 30985
1256 1236 15857
1256 1241 3529
1257 1241 53868
1257 1249 66128
1257 1250 24584
1259 1250 39840
1259 1252 97270
1259 1255 45844
1262 1255 14861
1264 1255 14196
1264 1258 7034
1265 1258 1113
1265 1260 28325
1268 1260 14598
1268 1261 27717
1269 1261 18522
1269 1266 56273
1269 1267 21036
1269 1270 21904
1273 1270 143963
1273 1271 2378
1274 1271 196
1274 1272 26706
1276 1272 3155
1276 1275 32899
1276 1278 26757
1276 1282 3560
1277 1282 2671
1277 1283 74889
1277 1286 36793
1279 1286 5312
1280 1286 23179
1281 1286 42231
1281 1287 71935
1284 1287 81996
1284 1288 19498
1284 1292 117903
1285 1292 21948
1285 1293 724
1289 1293 41600
1290 1293 33314
1291 1293 67940
1296 1293 122543
1297 1293 3015
1297 1295 108082
1297 1298 13485
1302 1298 1081
1303 1298 5779
1303 1299 45952
1303 1300 58241
1308 1300 104232
1308 1301 127024
1309 1301 69133
1309 1304 3583
1311 1304 4851
1311 1305 4356
1312 1305 35471
1312 1306 26099
1314 1306 23175
1314 1307 66408
1316 1307 23653
1316 1310 29419
1317 1310 53290
1317 1313 65
1320 1313 3815
1321 1313 80371
1321 1315 70689
1321 1318 18538
1321 1319 24354
1322 1319 68106
1323 1319 58821
1323 1325 96525
1326 1325 3811
1327 1325 34776
1330 1325 19248
1333 1325 32037
1333 1328 62781
1335 1328 14116
1335 1331 18219
1337 1331 111638
1337 1332 9152
1337 1334 8098
1338 1334 8819
1338 1336 59924
1340 1336 6564
1341 1336 54122
1345 1336 24049
1345 1339 37517
1345 1342 25945
1348 1342 1314
1348 1343 34073
1349 1343 21618
1349 1344 21928
1351 1344 115150
1351 1346 80780
1355 1346 22910
1355 1347 45638
1356 1347 9685
1359 1347 67008
1359 1350 41088
1360 1350 5110
1362 1350 24919
1362 1352 8686
1363 1352 79520
1364 1352 55207
1364 1353 23044
1365 1353 47034
1367 1353 11372
1367 1354 55669
1368 1354 6737
1368 1357 54494
1368 1358 9185
1368 1361 100826
1372 1361 64303
1372 1366 2554
1372 1370 14840
1372 1371 74992
1372 1373 16881
1375 1373 44154
1375 1374 67013
1377 1374 59518
1379 1374 50333
1380 1374 422
1381 1374 36619
1381 1376 90558
1381 1378 38869
1383 1378 41925
1383 1382 110557
1383 1385 44456
1384 1385 13072
1384 1387 91935
1384 1388 1366
1386 1388 95403
1390 1388 48442
1391 1388 14144
1391 1389 23263
1392 1389 87
1395 1389 4437
1399 1389 4380
1399 1393 188959
1408 1393 20463
1408 1394 46120
1408 1396 111477
1410 1396 101732
1410 1397 102598
1410 1398 65256
1413 1398 2828
1413 1400 23049
1417 1400 76657
1417 1401 8283
1417 1402 21958
1421 1402 20092
1422 1402 35106
1422 1403 138118
1425 1403 19857
1425 1404 20297
1425 1405 44297
1428 1405 6753
1428 1406 49552
1428 1407 65034
1428 1409 9438
1428 1412 19018
1430 1412 9109
1432 1412 28350
1432 1414 67388
1433 1414 11646
1435 1414 24635
1435 1415 32588
1437 1415 66276
1444 1415 11957
1445 1415 58339
1446 1415 1984
1447 1415 64080
1447 1416 86742
1448 1416 20941
1451 1416 69011
1451 1418 7508
1451 1419 15826
1451 1420 102557
1451 1423 4689
1455 1423 226355
1457 1423 1874
1457 1424 13082
1460 1424 4266
1460 1426 604
1460 1427 107962
1466 1427 109124
1466 1431 33424
1466 1434 20476
1469 1434 55173
1469 1436 30279
1469 1438 46347
1469 1440 14409
1470 1440 3742
1470 1441 52470
1470 1442 19202
1471 1442 40520
1471 1443 162481
1471 1449 38939
1474 1449 56356
1475 1449 2465
1475 1450 140569
1475 1452 14048
1475 1453 23760
1475 1454 60592
1477 1454 12050
1480 1454 34075
1480 1456 6536
1480 1458 17234
1480 1459 2386
1484 1459 7124
1486 1459 7788
1487 1459 7438
1487 1462 35039
1488 1462 18358
1491 1462 23994
1494 1462 67830
1494 1464 30210
1501 1464 63231
1502 1464 8613
1505 1464 2752
1506 1464 34899
1508 1464 17008
1508 1465 10183
1508 1467 27568
1510 1467 31268
1511 1467 132600
1511 1468 19578
1513 1468 103251
1521 1468 37092
1521 1472 12444
1521 1473 20666
1522 1473 17113
1529 1473 29286
1529 1478 19614
1529 1479 1855
1530 1479 52458
1530 1481 83719
1530 1482 52484
1530 1483 27893
1531 1483 27991
1531 1485 9432
1531 1489 5531
1531 1490 42006
1532 1490 35252
1532 1492 129325
1532 1493 2511
1532 1495 10761
1533 1495 10844
1533 1496 103874
1535 1496 58314
1535 1497 80156
1535 1498 44609
1537 1498 32427
1537 1499 45867
1538 1499 9722
1539 1499 17550
1539 1500 33389
1541 1500 73151
1542 1500 48619
1545 1500 7452
1545 1503 3480
1549 1503 30403
1550 1503 40313
1550 1504 92771
1551 1504 63757
1553 1504 3000
1553 1507 90311
1553 1509 37728
1553 1512 74284
1554 1512 46990
1555 1512 22104
1555 1514 41771
1555 1516 47197
1555 1517 15475
1558 1517 9505
1558 1518 2597
1564 1518 30242
1565 1518 182532
1565 1519 12001
1565 1520 22580
1565 1523 8816
1565 1524 5400
1565 1525 32934
1567 1525 28534
1567 1526 209091
1569 1526 8100
1569 1527 88155
1572 1527 80647
1572 1528 46552
1573 1528 25243
1575 1528 1409
1575 1534 44702
1575 1536 8044
1578 1536 680
1579 1536 38493
1581 1536 17194
1581 1540 37585
1581 1543 80574
1581 1544 39476
1581 1546 47609
1581 1548 92276
1581 1552 15067
1584 1552 31330
1584 1556 16717
1584 1557 5481
1585 1557 10861
1585 1559 118398
1588 1559 24601
1588 1560 10690
1589 1560 29197
1591 1560 5451
1592 1560 8935
1592 1562 208657
1594 1562 138594
1594 1563 25049
1595 1563 77961
1595 1566 27629
1596 1566 11931
1596 1568 341
1598 1568 33623
1598 1570 203269
1599 1570 35456
1602 1570 49764
1602 1571 72163
1602 1574 120458
1602 1576 60006
1602 1577 27893
1604 1577 145972
1606 1577 17130
1606 1580 18402
1606 1582 45043
1609 1582 52386
1610 1582 20668
1612 1582 21796
1619 1582 83182
1619 1583 110273
1622 1583 13057
1622 1587 36324
1623 1587 6476
1624 1587 112626
1624 1590 7986
1624 1593 194508
1624 1597 1124
1625 1597 40987
1627 1597 92451
1628 1597 5796
1628 1600 123451
1630 1600 68011
1630 1601 93399
1633 1601 13550
1633 1603 44717
1633 1605 80675
1639 1605 19488
1640 1605 6508
1640 1607 29453
1640 1608 45056
1640 1613 21932
1640 1614 23804
1642 1614 42321
1642 1615 92652
1644 1615 59741
1644 1616 6584
1644 1618 44067
1645 1618 18180
1645 1621 35825
1646 1621 2722
1646 1626 35019
1648 1626 4064
1649 1626 36469
1649 1629 12672
1649 1631 10302
1649 1632 13152
1650 1632 13922
1650 1634 2083
1650 1635 12701
1650 1636 19263
1650 1638 17540
1650 1641 13251
1654 1641 25073
1654 1643 19050
1655 1643 13583
1656 1643 48294
1656 1647 11318
1656 1651 60930
1656 1652 103605
1658 1652 5621
1658 1653 37412
1662 1653 52662
1664 1653 75365
1664 1657 7851
1665 1657 3584
1665 1659 20546
1665 1660 83130
1665 1661 25655
1666 1661 80850
1668 1661 34104
1670 1661 7325
1670 1663 29150
1674 1663 6499
1674 1667 107874
1675 1667 11736
1675 1669 133065
1675 1671 7829
1676 1671 29592
1678 1671 75789
1679 1671 48946
1679 1672 4730
1682 1672 26226
1683 1672 45663
1683 1677 23883
1686 1677 31724
1687 1677 55959
1687 1680 14859
1688 1680 53377
1688 1681 39319
1691 1681 247061
1692 1681 28408
1692 1684 40046
1692 1685 34056
1695 1685 13594
1695 1689 15856
1696 1689 186524
1696 1690 16490
1698 1690 84621
1699 1690 92135
1699 1693 18935
1700 1693 68878
1700 1694 18650
1700 1697 13548
1705 1697 40555
1705 1701 29652
1705 1704 13286
1705 1706 30981
1705 1710 105897
1707 1710 18337
1708 1710 18193
1708 1711 144327
1708 1713 41260
1709 1713 51396
1712 1713 16452
1716 1713 22385
1716 1714 11562
1716 1715 51878
1717 1715 44069
1717 1718 5538
1724 1718 55543
1724 1719 7976
1724 1720 22496
1725 1720 16842
1725 1721 152593
1726 1721 3475
1727 1721 53831
1727 1722 6364
1727 1723 891
1727 1728 15054
1730 1728 88749
1730 1729 17740
1730 1732 51570
1730 1734 6025
1730 1735 21984
1733 1735 10673
1733 1737 61974
1742 1737 9819
1744 1737 38043
1748 1737 4176
1748 1738 138072
1749 1738 77225
1749 1739 19654
1751 1739 7718
1751 1740 150552
1752 1740 6151
1752 1741 11943
1753 1741 11035
1754 1741 84851
1755 1741 8826
1758 1741 20493
1759 1741 19363
1759 1743 8053
1759 1745 32440
1761 1745 46845
1762 1745 18160
1762 1746 29606
1764 1746 9996
1767 1746 82150
1768 1746 11285
1769 1746 9559
1769 1747 40613
1769 1750 56023
1769 1756 15265
1773 1756 53859
1774 1756 25211
1774 1757 73695
1774 1760 17596
1776 1760 96043
1776 1763 2229
1779 1763 43479
1781 1763 59321
1781 1765 109825
1781 1766 37105
1784 1766 4978
1788 1766 34106
1788 1770 26550
1789 1770 10834
1789 1771 16510
1790 1771 10461
1790 1772 87863
1794 1772 12410
1794 1775 40613
1794 1777 23820
1795 1777 135648
1798 1777 42916
1798 1778 39432
1798 1780 9016
1798 1782 4941
1800 1782 57716
1802 1782 63769
1803 1782 72723
1803 1783 56049
1806 1783 13104
1806 1785 25833
1809 1785 71347
1809 1786 6875
1810 1786 81712
1813 1786 50051
1813 1787 51257
1813 1792 29426
1813 1793 42192
1815 1793 42599
1815 1796 138428
1819 1796 50549
1819 1797 56239
1819 1799 23221
1821 1799 66441
1821 1801 115746
1822 1801 61605
1822 1804 29020
1825 1804 80945
1827 1804 6305
1827 1805 29273
1827 1807 77840
1829 1807 87822
1829 1808 112798
1830 1808 50367
1830 1812 31950
1830 1816 45466
1830 1817 9014
1830 1818 26508
1831 1818 39995
1831 1820 31220
1831 1823 16769
1831 1824 16858
1832 1824 7314
1832 1826 48196
1832 1828 119888
1832 1834 1582
1832 1835 71126
1832 1836 45305
1833 1836 20824
1838 1836 39640
1840 1836 47096
1841 1836 8594
1842 1836 51461
1842 1837 65915
1844 1837 43527
1847 1837 40465
1847 1839 37775
1847 1843 44124
1847 1845 7439
1847 1848 127097
1847 1851 12927
1847 1852 23675
1847 1853 14058
1849 1853 184659
1849 1857 36122
1850 1857 118194
1854 1857 73231
1855 1857 13663
1855 1858 10534
1856 1858 19260
1860 1858 19717
1864 1858 33300
1865 1858 19915
1865 1859 32340
1865 1861 120320
1865 1862 4947
1865 1863 46199
1865 1867 23569
1866 1867 39237
1869 1867 17853
1869 1868 68777
1869 1870 2701
1871 1870 8143
1871 1873 104577
1872 1873 69194
1872 1874 162604
1875 1874 16115
1876 1874 8312
1877 1874 7997
1877 1878 14901
1879 1878 77457
1882 1878 28975
1882 1880 26887
1883 1880 52512
1883 1881 57234
1883 1885 60871
1886 1885 62789
1887 1885 6276
1887 1889 7050
1887 1891 38224
1887 1895 118411
1887 1896 6123
1887 1897 32823
1887 1901 12167
1888 1901 67025
1888 1903 17541
1890 1903 23902
1892 1903 49383
1893 1903 13549
1893 1904 77562
1894 1904 31930
1898 1904 11450
1898 1905 25766
1899 1905 2617
1899 1909 58744
1899 1915 92646
1899 1916 1075
1900 1916 55508
1900 1920 20933
1902 1920 157092
1902 1921 16462
1906 1921 9899
1907 1921 2625
1907 1922 69297
1908 1922 23444
1908 1925 3289
1908 1926 24769
1910 1926 42745
1911 1926 86214
1911 1929 161572
1911 1930 4608
1912 1930 27988
1913 1930 5030
1914 1930 23811
1917 1930 26676
1917 1933 20789
1919 1933 25468
1919 1935 51498
1923 1935 18151
1924 1935 89606
1924 1937 1281
1927 1937 44674
1927 1939 33540
1928 1939 23502
1931 1939 92429
1934 1939 3269
1934 1941 60873
1936 1941 30655
1938 1941 55582
1940 1941 16018
1940 1942 22769
1940 1945 5791
1940 1947 21177
1944 1947 71115
1944 1950 58383
1944 1954 58813
1946 1954 133798
1946 1955 17364
1948 1955 71503
1949 1955 80427
1951 1955 53856
1951 1956 36273
1953 1956 59436
1957 1956 6287
1957 1958 4771
1961 1958 41614
1961 1959 1752
1965 1959 82401
1965 1960 63909
1966 1960 24577
1966 1962 80091
1970 1962 23887
1970 1963 50821
1973 1963 44405
1973 1964 16346
1973 1967 19061
1974 1967 51811
1974 1968 6683
1978 1968 36907
1979 1968 35333
1979 1969 28303
1979 1971 14328
1982 1971 144324
1982 1972 15601
1982 1975 2758
1986 1975 13700
1987 1975 11336
1988 1975 56833
1993 1975 10482
1993 1976 100087
1993 1977 25241
1997 1977 48663
1997 1980 16373
2000 1980 43633
2000 1983 67135
2001 1983 12647
2001 1985 42358
2002 1985 33494
2002 1989 143788
2002 1990 20638
2003 1990 32940
2004 1990 28872
2004 1991 95697
2004 1992 9311
2006 1992 10042
2006 1994 31971
2007 1994 101196
2007 1995 17666
2007 1996 17107
2007 1998 9893
2008 1998 18441
2009 1998 115786
2009 1999 30001
2010 1999 8100
2010 2005 54049
2011 2005 85072
2013 2005 62027
2013 2012 8844
2013 2016 17734
2013 2017 38087
2014 2017 11857
2014 2018 56586
2014 2019 12076
2015 2019 34395
2015 2020 61284
