920444
1 4 114
1 5 8960
2 5 3872
3 5 1499
6 5 965
6 7 7849
8 7 1587
9 7 8537
9 10 5018
9 12 11383
9 14 7084
11 14 9016
11 15 6991
13 15 13466
16 15 3440
18 15 29
18 17 4728
18 21 5485
18 22 1617
18 24 14492
18 29 3861
19 29 5801
20 29 2927
23 29 5288
23 32 5124
23 34 2585
23 37 4637
25 37 4437
25 40 6296
26 40 12084
26 41 7245
27 41 1929
27 42 520
28 42 10492
28 43 5840
28 44 7676
28 46 5761
30 46 1330
31 46 14861
31 47 7868
31 48 3967
33 48 4974
33 49 14102
33 51 146
35 51 7087
35 53 2219
36 53 3295
36 54 1656
38 54 22626
38 56 4628
38 58 4096
39 58 887
45 58 6023
45 60 7647
50 60 15480
52 60 10654
52 61 3981
55 61 6969
55 62 824
57 62 696
59 62 7754
63 62 8323
69 62 29483
70 62 4231
70 64 13808
72 64 3293
72 65 461
75 65 12232
76 65 4370
76 66 16892
78 66 6892
78 67 462
79 67 2481
81 67 16760
81 68 14625
82 68 5541
82 71 1606
85 71 1146
85 73 7587
85 74 2925
85 77 13668
86 77 3185
86 80 517
86 83 3076
86 84 359
90 84 6838
90 87 6382
90 88 9063
90 89 3871
91 89 13302
91 97 6232
91 100 5995
92 100 14428
92 101 620
93 101 6796
93 103 26384
93 105 5184
94 105 1672
94 107 7739
94 109 840
94 111 798
95 111 3319
95 112 1741
96 112 12163
96 113 2600
98 113 3046
98 114 2104
99 114 684
102 114 23773
104 114 11323
104 118 11239
104 119 11447
106 119 4033
108 119 2084
108 120 6050
110 120 4582
115 120 10427
116 120 6363
116 122 2343
117 122 2403
121 122 222
121 123 379
127 123 9588
128 123 1120
128 124 2777
129 124 1484
129 125 18829
130 125 2876
130 126 14820
132 126 6135
133 126 3193
133 131 8386
134 131 959
134 135 6059
134 136 2251
137 136 430
137 139 5235
138 139 12706
141 139 7998
141 140 5160
143 140 1491
143 142 6133
145 142 5657
145 144 15824
146 144 6536